Found 25 exam files

--- Collecting BEFORE statistics ---

Analyzing: aif-c01.xml
  Found 50 questions

Analyzing: clf-c02.xml
  Found 50 questions

Analyzing: dea-c01.xml
  Found 50 questions

Analyzing: dva-c02.xml
  Found 50 questions

Analyzing: mla-c01.xml
  Found 50 questions

Analyzing: saa-c03.xml
  Found 50 questions

Analyzing: soa-c02.xml
  Found 50 questions

Analyzing: ai-900.xml
  Found 50 questions

Analyzing: az-104.xml
  Found 50 questions

Analyzing: az-204.xml
  Found 50 questions

Analyzing: az-305.xml
  Found 50 questions

Analyzing: az-400.xml
  Found 50 questions

Analyzing: az-500.xml
  Found 50 questions

Analyzing: az-900.xml
  Found 50 questions

Analyzing: dp-900.xml
  Found 50 questions

Analyzing: gcp-cloud-arch.xml
  Found 50 questions

Analyzing: gcp-cloud-eng.xml
  Found 50 questions

Analyzing: gcp-cloud-fnd.xml
  Found 50 questions

Analyzing: gcp-data-eng-ml.xml
  Found 50 questions

Analyzing: gcp-db-devops.xml
  Found 50 questions

Analyzing: gcp-db-stor.xml
  Found 50 questions

Analyzing: gcp-exam-prep-ace.xml
  Found 50 questions

Analyzing: gcp-fund-core.xml
  Found 50 questions

Analyzing: gcp-gk-compute.xml
  Found 50 questions

Analyzing: gcp-networks.xml
  Found 50 questions

--- Processing files ---

Processing: aif-c01.xml
  Q2: A -> D
  Q3: A -> B
  Q4: A -> C
  Q5: A -> C
  Q7: A -> C
  Q8: A -> C
  Q11: A -> C
  Q12: A -> C
  Q13: A -> C
  Q15: A -> C
  Q16: A -> D
  Q19: A -> D
  Q21: A -> C
  Q24: A -> B
  Q25: A -> B
  Q26: A -> C
  Q27: A -> B
  Q28: A -> C
  Q29: A -> C
  Q31: A -> D
  Q32: A -> B
  Q34: A -> B
  Q35: A -> C
  Q36: A -> C
  Q37: A -> C
  Q38: A -> D
  Q39: A -> C
  Q40: A -> B
  Q41: A -> C
  Q46: A -> D
  Q48: A -> D
  Q49: A -> C
  Q50: A -> C
  Processed 50 questions

Processing: clf-c02.xml
  Q1: A -> B
  Q2: A -> B
  Q3: A -> B
  Q5: A -> D
  Q6: A -> D
  Q8: A -> D
  Q9: A -> B
  Q12: A -> B
  Q15: A -> B
  Q16: A -> D
  Q17: A -> B
  Q18: A -> C
  Q19: A -> B
  Q20: A -> D
  Q22: A -> D
  Q23: A -> D
  Q25: A -> C
  Q26: A -> C
  Q27: A -> C
  Q28: A -> C
  Q30: A -> B
  Q32: A -> B
  Q34: A -> B
  Q35: A -> B
  Q36: A -> C
  Q37: A -> C
  Q38: A -> D
  Q40: A -> C
  Q41: A -> D
  Q42: A -> B
  Q43: A -> B
  Q44: A -> C
  Q46: A -> D
  Q47: A -> C
  Q50: A -> B
  Processed 50 questions

Processing: dea-c01.xml
  Q1: A -> D
  Q3: A -> C
  Q4: B -> C
  Q5: B -> C
  Q6: A -> C
  Q7: A -> B
  Q9: B -> A
  Q10: A -> D
  Q13: B -> A
  Q14: A -> C
  Q16: B -> D
  Q17: A -> B
  Q18: A -> C
  Q19: A -> C
  Q20: A -> B
  Q21: B -> A
  Q23: A -> B
  Q24: C -> B
  Q25: B -> D
  Q26: A -> D
  Q27: A -> D
  Q28: A -> D
  Q33: A -> B
  Q34: A -> C
  Q35: A -> B
  Q40: A -> C
  Q41: A -> B
  Q42: A -> B
  Q43: A -> B
  Q45: A -> B
  Q46: A -> C
  Q47: A -> D
  Q48: A -> C
  Q49: A -> C
  Q50: A -> B
  Processed 50 questions

Processing: dva-c02.xml
  Q1: A -> C
  Q3: A -> B
  Q4: A -> D
  Q7: A -> C
  Q8: A -> B
  Q9: A -> D
  Q10: A -> C
  Q11: A -> B
  Q12: A -> D
  Q13: A -> C
  Q14: A -> C
  Q15: A -> B
  Q16: A -> C
  Q17: A -> D
  Q18: A -> B
  Q19: A -> C
  Q20: A -> B
  Q21: A -> D
  Q22: A -> B
  Q23: A -> B
  Q24: A -> C
  Q25: A -> C
  Q27: A -> B
  Q28: A -> C
  Q31: A -> D
  Q32: A -> B
  Q33: A -> C
  Q34: A -> C
  Q35: A -> C
  Q37: A -> D
  Q38: A -> B
  Q39: A -> D
  Q41: A -> D
  Q42: A -> B
  Q44: A -> C
  Q46: A -> D
  Q47: A -> D
  Q50: A -> B
  Processed 50 questions

Processing: mla-c01.xml
  Q3: A -> B
  Q4: A -> B
  Q6: A -> D
  Q7: A -> B
  Q8: A -> C
  Q9: A -> D
  Q10: A -> B
  Q11: A -> D
  Q13: A -> C
  Q14: A -> B
  Q15: A -> B
  Q16: A -> C
  Q20: A -> D
  Q21: A -> D
  Q22: A -> D
  Q23: A -> D
  Q24: A -> D
  Q26: A -> B
  Q27: A -> C
  Q28: A -> D
  Q29: A -> C
  Q30: A -> B
  Q32: A -> B
  Q33: A -> C
  Q34: A -> C
  Q35: A -> D
  Q38: A -> C
  Q39: A -> C
  Q41: A -> C
  Q42: A -> B
  Q43: A -> D
  Q44: A -> B
  Q45: A -> D
  Q48: A -> B
  Q49: A -> C
  Q50: A -> B
  Processed 50 questions

Processing: saa-c03.xml
  Q1: A -> C
  Q4: A -> C
  Q5: A -> D
  Q6: A -> D
  Q7: A -> B
  Q8: A -> B
  Q9: A -> C
  Q11: A -> B
  Q12: A -> D
  Q13: A -> D
  Q14: A -> C
  Q15: A -> D
  Q16: A -> D
  Q18: A -> D
  Q22: A -> D
  Q23: A -> C
  Q27: A -> B
  Q30: A -> C
  Q31: A -> C
  Q33: A -> D
  Q34: A -> C
  Q36: A -> C
  Q37: A -> D
  Q38: A -> B
  Q39: A -> B
  Q40: A -> B
  Q41: A -> D
  Q42: A -> B
  Q44: A -> B
  Q45: A -> B
  Q47: A -> B
  Q48: A -> B
  Q50: A -> D
  Processed 50 questions

Processing: soa-c02.xml
  Q1: A -> D
  Q2: A -> D
  Q3: A -> D
  Q4: A -> C
  Q6: A -> B
  Q7: A -> B
  Q8: A -> C
  Q9: A -> B
  Q10: A -> C
  Q11: A -> C
  Q12: A -> C
  Q14: A -> C
  Q16: A -> B
  Q17: A -> B
  Q18: A -> C
  Q20: A -> D
  Q22: A -> C
  Q23: A -> C
  Q27: A -> C
  Q29: A -> D
  Q32: A -> D
  Q34: A -> B
  Q36: A -> C
  Q37: A -> C
  Q40: A -> B
  Q43: A -> C
  Q44: A -> C
  Q49: A -> B
  Q50: A -> B
  Processed 50 questions

Processing: ai-900.xml
  Q3: B -> C
  Q4: C -> B
  Q5: B -> D
  Q8: D -> B
  Q9: B -> A
  Q10: C -> A
  Q12: B -> A
  Q13: B -> D
  Q14: B -> A
  Q15: B -> C
  Q16: B -> A
  Q17: C -> A
  Q18: C -> A
  Q20: B -> A
  Q22: B -> C
  Q24: B -> C
  Q25: B -> A
  Q26: C -> D
  Q28: B -> D
  Q30: C -> B
  Q31: C -> D
  Q32: B -> C
  Q33: B -> C
  Q34: B -> D
  Q36: B -> D
  Q41: B -> D
  Q42: C -> B
  Q43: B -> D
  Q44: B -> C
  Q45: B -> C
  Q46: B -> D
  Q47: B -> D
  Q48: C -> D
  Q49: B -> C
  Q50: B -> C
  Processed 50 questions

Processing: az-104.xml
  Q1: B -> C
  Q4: C -> B
  Q5: A -> B
  Q7: B -> C
  Q9: A -> B
  Q11: B -> C
  Q12: A -> B
  Q17: B -> D
  Q18: B -> D
  Q19: B -> C
  Q20: B -> D
  Q21: B -> A
  Q22: C -> D
  Q23: B -> C
  Q24: B -> C
  Q25: B -> D
  Q26: B -> A
  Q27: B -> C
  Q29: B -> A
  Q30: B -> A
  Q31: B -> D
  Q32: B -> D
  Q33: B -> C
  Q34: B -> A
  Q35: B -> A
  Q37: B -> A
  Q39: B -> D
  Q40: B -> D
  Q41: B -> C
  Q42: B -> D
  Q43: B -> D
  Q44: B -> C
  Q46: B -> C
  Q48: B -> D
  Q49: B -> A
  Q50: B -> D
  Processed 50 questions

Processing: az-204.xml
  Q1: A -> B
  Q2: A -> B
  Q3: A -> D
  Q4: B -> D
  Q5: A -> C
  Q6: B -> C
  Q7: B -> A
  Q10: B -> C
  Q12: B -> A
  Q13: B -> D
  Q17: B -> D
  Q18: B -> A
  Q19: B -> D
  Q21: B -> D
  Q22: B -> A
  Q23: B -> C
  Q24: B -> A
  Q25: B -> A
  Q26: B -> A
  Q27: B -> D
  Q28: C -> D
  Q29: B -> C
  Q30: B -> C
  Q31: B -> A
  Q33: B -> D
  Q34: B -> D
  Q35: B -> C
  Q36: B -> C
  Q38: B -> C
  Q39: B -> A
  Q40: B -> D
  Q41: B -> D
  Q42: B -> A
  Q44: B -> A
  Q45: B -> D
  Q49: B -> A
  Q50: B -> C
  Processed 50 questions

Processing: az-305.xml
  Q1: A -> D
  Q3: A -> B
  Q4: A -> B
  Q5: A -> C
  Q6: A -> C
  Q7: A -> B
  Q8: A -> B
  Q9: A -> D
  Q10: A -> B
  Q11: A -> C
  Q12: A -> C
  Q13: A -> D
  Q14: A -> C
  Q15: A -> D
  Q16: A -> B
  Q17: A -> D
  Q19: A -> D
  Q20: A -> C
  Q21: A -> D
  Q22: A -> B
  Q23: A -> B
  Q28: A -> C
  Q29: A -> C
  Q30: A -> B
  Q31: A -> C
  Q32: A -> C
  Q33: A -> D
  Q34: A -> C
  Q36: A -> D
  Q38: A -> B
  Q39: A -> C
  Q43: A -> D
  Q44: A -> D
  Q45: A -> C
  Q46: A -> C
  Q49: A -> B
  Q50: A -> B
  Processed 50 questions

Processing: az-400.xml
  Q1: A -> C
  Q2: A -> C
  Q4: A -> B
  Q5: A -> C
  Q6: A -> B
  Q7: A -> B
  Q9: A -> C
  Q10: A -> C
  Q11: A -> B
  Q12: A -> C
  Q13: A -> D
  Q15: A -> B
  Q16: A -> C
  Q17: A -> C
  Q20: A -> B
  Q21: A -> C
  Q22: A -> D
  Q23: A -> C
  Q24: A -> D
  Q25: A -> D
  Q27: A -> D
  Q29: A -> D
  Q30: A -> D
  Q31: A -> D
  Q32: A -> D
  Q33: A -> B
  Q34: A -> C
  Q35: A -> B
  Q36: A -> B
  Q37: A -> D
  Q38: A -> C
  Q39: A -> B
  Q41: A -> B
  Q42: A -> D
  Q43: A -> B
  Q44: A -> B
  Q45: A -> C
  Q47: A -> C
  Q48: A -> B
  Q49: A -> D
  Processed 50 questions

Processing: az-500.xml
  Q1: A -> D
  Q2: A -> D
  Q3: A -> C
  Q5: A -> B
  Q6: A -> B
  Q8: A -> C
  Q9: A -> C
  Q11: A -> D
  Q12: A -> D
  Q15: A -> C
  Q16: A -> D
  Q17: A -> C
  Q18: A -> B
  Q19: A -> D
  Q20: A -> D
  Q21: A -> D
  Q22: A -> B
  Q24: A -> D
  Q25: A -> D
  Q27: A -> C
  Q28: A -> B
  Q29: A -> D
  Q32: A -> D
  Q33: A -> B
  Q34: A -> B
  Q35: A -> B
  Q36: A -> D
  Q38: A -> C
  Q39: A -> C
  Q40: A -> B
  Q41: A -> C
  Q42: A -> C
  Q43: A -> B
  Q45: A -> D
  Q46: A -> B
  Q47: A -> D
  Q48: A -> C
  Q49: A -> C
  Processed 50 questions

Processing: az-900.xml
  Q1: A -> B
  Q2: A -> D
  Q3: A -> D
  Q4: A -> B
  Q5: A -> B
  Q6: A -> D
  Q7: A -> C
  Q9: A -> B
  Q11: A -> C
  Q14: A -> B
  Q15: A -> B
  Q16: A -> D
  Q17: A -> C
  Q18: A -> D
  Q19: A -> B
  Q20: A -> D
  Q22: A -> C
  Q23: A -> B
  Q25: A -> D
  Q26: A -> D
  Q28: A -> C
  Q29: A -> C
  Q30: A -> C
  Q31: A -> B
  Q32: A -> D
  Q33: A -> C
  Q34: A -> B
  Q35: A -> D
  Q36: A -> B
  Q38: A -> C
  Q39: A -> B
  Q41: A -> B
  Q42: A -> C
  Q43: A -> C
  Q44: A -> D
  Q46: A -> D
  Q47: A -> D
  Q48: A -> B
  Q49: A -> D
  Q50: A -> B
  Processed 50 questions

Processing: dp-900.xml
  Q1: B -> A
  Q2: C -> B
  Q3: D -> A
  Q4: B -> C
  Q6: B -> D
  Q8: B -> A
  Q10: B -> C
  Q11: B -> C
  Q12: B -> C
  Q13: B -> A
  Q14: B -> D
  Q15: B -> A
  Q17: B -> D
  Q18: B -> D
  Q20: C -> A
  Q23: B -> C
  Q24: C -> B
  Q25: B -> C
  Q26: B -> D
  Q27: B -> D
  Q28: B -> A
  Q29: C -> B
  Q32: B -> C
  Q33: D -> B
  Q34: B -> D
  Q35: B -> D
  Q37: B -> C
  Q40: B -> C
  Q41: B -> A
  Q42: B -> C
  Q43: B -> A
  Q44: C -> D
  Q46: B -> A
  Q47: B -> A
  Q48: B -> D
  Q50: B -> D
  Processed 50 questions

Processing: gcp-cloud-arch.xml
  Q1: A -> C
  Q2: A -> B
  Q4: A -> C
  Q5: A -> B
  Q7: A -> C
  Q8: A -> D
  Q10: A -> C
  Q12: A -> D
  Q13: A -> B
  Q15: A -> C
  Q17: A -> D
  Q18: A -> B
  Q20: A -> C
  Q21: A -> B
  Q22: A -> C
  Q23: A -> D
  Q24: A -> C
  Q25: A -> D
  Q30: A -> D
  Q31: A -> C
  Q33: A -> C
  Q34: A -> B
  Q36: A -> B
  Q37: A -> B
  Q38: A -> B
  Q39: A -> C
  Q40: A -> D
  Q41: A -> C
  Q43: A -> D
  Q45: A -> C
  Q46: A -> D
  Q47: A -> B
  Q49: A -> D
  Q50: A -> C
  Processed 50 questions

Processing: gcp-cloud-eng.xml
  Q1: A -> B
  Q2: A -> B
  Q3: A -> D
  Q4: A -> D
  Q5: A -> D
  Q6: A -> B
  Q8: A -> B
  Q10: A -> D
  Q16: A -> C
  Q18: A -> D
  Q19: A -> B
  Q20: A -> B
  Q21: A -> C
  Q22: A -> C
  Q23: A -> B
  Q24: A -> C
  Q25: A -> B
  Q26: A -> B
  Q27: A -> B
  Q28: A -> C
  Q30: A -> D
  Q32: A -> D
  Q34: A -> D
  Q35: A -> D
  Q36: A -> D
  Q37: A -> C
  Q38: A -> D
  Q39: A -> D
  Q40: A -> B
  Q41: A -> C
  Q43: A -> C
  Q44: A -> B
  Q45: A -> D
  Q46: A -> C
  Q48: A -> B
  Q49: A -> D
  Q50: A -> D
  Processed 50 questions

Processing: gcp-cloud-fnd.xml
  Q1: A -> C
  Q2: A -> B
  Q3: A -> B
  Q4: A -> D
  Q5: A -> C
  Q6: A -> D
  Q7: A -> D
  Q8: A -> D
  Q9: A -> C
  Q10: A -> C
  Q11: A -> C
  Q12: A -> D
  Q13: A -> D
  Q14: A -> D
  Q15: A -> D
  Q16: A -> B
  Q17: A -> D
  Q18: A -> B
  Q19: A -> D
  Q20: A -> C
  Q23: A -> C
  Q24: A -> C
  Q25: A -> B
  Q26: A -> C
  Q27: A -> C
  Q30: A -> B
  Q31: A -> C
  Q32: A -> B
  Q34: A -> D
  Q37: A -> D
  Q38: A -> B
  Q39: A -> B
  Q41: A -> D
  Q42: A -> B
  Q43: A -> B
  Q45: A -> B
  Q47: A -> C
  Q49: A -> C
  Q50: A -> B
  Processed 50 questions

Processing: gcp-data-eng-ml.xml
  Q1: A -> C
  Q3: A -> C
  Q4: A -> B
  Q5: A -> B
  Q6: A -> C
  Q7: A -> B
  Q10: A -> C
  Q11: A -> B
  Q12: A -> B
  Q13: A -> B
  Q14: A -> D
  Q15: A -> C
  Q16: A -> B
  Q17: A -> B
  Q18: A -> C
  Q20: A -> C
  Q21: A -> C
  Q22: A -> D
  Q23: A -> B
  Q24: A -> B
  Q25: A -> B
  Q27: A -> B
  Q28: A -> C
  Q29: A -> D
  Q32: A -> C
  Q33: A -> C
  Q35: A -> D
  Q38: A -> C
  Q39: A -> C
  Q41: A -> B
  Q42: A -> D
  Q44: A -> C
  Q45: A -> C
  Q46: A -> B
  Q47: A -> D
  Q48: A -> B
  Q50: A -> C
  Processed 50 questions

Processing: gcp-db-devops.xml
  Q1: A -> B
  Q3: A -> D
  Q4: A -> D
  Q5: A -> D
  Q6: A -> B
  Q7: A -> D
  Q8: A -> B
  Q10: A -> C
  Q11: A -> B
  Q12: A -> C
  Q14: A -> C
  Q15: A -> D
  Q16: A -> D
  Q18: A -> C
  Q19: A -> C
  Q20: A -> C
  Q21: A -> D
  Q22: A -> B
  Q23: A -> D
  Q24: A -> C
  Q25: A -> C
  Q26: A -> B
  Q27: A -> D
  Q28: A -> D
  Q29: A -> D
  Q30: A -> D
  Q31: A -> D
  Q32: A -> B
  Q33: A -> D
  Q35: A -> B
  Q36: A -> C
  Q39: A -> D
  Q40: A -> B
  Q41: A -> D
  Q42: A -> C
  Q45: A -> B
  Q46: A -> C
  Q47: A -> B
  Q48: A -> B
  Q50: A -> D
  Processed 50 questions

Processing: gcp-db-stor.xml
  Q2: A -> C
  Q3: A -> D
  Q4: A -> D
  Q5: A -> B
  Q6: A -> D
  Q7: A -> B
  Q8: A -> C
  Q9: A -> D
  Q10: A -> D
  Q11: A -> D
  Q13: A -> B
  Q14: A -> B
  Q15: A -> D
  Q16: A -> B
  Q18: A -> C
  Q19: A -> D
  Q20: A -> D
  Q22: A -> D
  Q23: A -> D
  Q24: A -> D
  Q25: A -> D
  Q26: A -> B
  Q28: A -> C
  Q30: A -> B
  Q31: A -> B
  Q32: A -> B
  Q33: A -> D
  Q34: A -> D
  Q35: A -> D
  Q36: A -> B
  Q37: A -> C
  Q38: A -> C
  Q39: A -> D
  Q41: A -> C
  Q42: A -> D
  Q43: A -> C
  Q44: A -> B
  Q45: A -> D
  Q46: A -> B
  Q47: A -> D
  Q48: A -> B
  Q49: A -> D
  Q50: A -> B
  Processed 50 questions

Processing: gcp-exam-prep-ace.xml
  Q1: A -> B
  Q2: A -> C
  Q4: A -> D
  Q6: A -> D
  Q7: A -> B
  Q8: A -> D
  Q9: A -> D
  Q10: A -> B
  Q11: A -> C
  Q13: A -> D
  Q16: A -> D
  Q17: A -> D
  Q18: A -> B
  Q19: A -> B
  Q22: A -> D
  Q23: B -> A
  Q24: A -> D
  Q25: A -> D
  Q27: A -> C
  Q28: A -> D
  Q29: A -> B
  Q30: A -> C
  Q31: A -> B
  Q32: A -> D
  Q33: A -> C
  Q35: A -> D
  Q36: A -> B
  Q37: A -> B
  Q39: A -> C
  Q40: A -> D
  Q41: A -> D
  Q42: A -> C
  Q44: A -> D
  Q45: A -> D
  Q47: A -> B
  Q48: A -> D
  Q49: A -> B
  Processed 50 questions

Processing: gcp-fund-core.xml
  Q1: A -> B
  Q2: A -> C
  Q4: A -> C
  Q6: A -> B
  Q7: A -> C
  Q8: A -> C
  Q9: A -> D
  Q10: A -> B
  Q11: A -> B
  Q12: A -> C
  Q15: A -> C
  Q16: A -> D
  Q17: A -> B
  Q18: A -> C
  Q20: A -> B
  Q21: A -> B
  Q22: A -> C
  Q23: A -> C
  Q24: A -> D
  Q26: A -> B
  Q27: A -> C
  Q29: A -> D
  Q30: A -> C
  Q31: A -> B
  Q32: A -> C
  Q34: A -> B
  Q35: A -> D
  Q36: A -> D
  Q38: A -> D
  Q40: A -> B
  Q41: A -> C
  Q42: A -> D
  Q45: A -> C
  Q46: A -> C
  Q49: A -> B
  Q50: A -> D
  Processed 50 questions

Processing: gcp-gk-compute.xml
  Q1: A -> B
  Q2: A -> D
  Q3: A -> D
  Q4: A -> B
  Q7: A -> B
  Q8: A -> D
  Q10: A -> B
  Q11: A -> D
  Q14: A -> D
  Q15: A -> B
  Q17: A -> B
  Q18: A -> D
  Q19: A -> B
  Q21: A -> D
  Q22: A -> C
  Q23: A -> B
  Q24: A -> C
  Q25: A -> C
  Q27: A -> C
  Q28: A -> B
  Q29: A -> B
  Q30: A -> C
  Q32: A -> C
  Q33: A -> D
  Q34: A -> B
  Q36: A -> D
  Q37: A -> D
  Q38: A -> D
  Q39: A -> D
  Q41: A -> D
  Q42: A -> C
  Q43: A -> C
  Q44: A -> B
  Q45: A -> D
  Q47: A -> D
  Q50: A -> C
  Processed 50 questions

Processing: gcp-networks.xml
  Q2: A -> C
  Q3: A -> C
  Q4: A -> C
  Q5: A -> C
  Q7: A -> B
  Q8: A -> C
  Q9: A -> D
  Q11: A -> D
  Q13: A -> C
  Q14: A -> C
  Q15: A -> D
  Q16: A -> B
  Q17: A -> D
  Q19: A -> C
  Q21: A -> C
  Q23: A -> C
  Q25: A -> D
  Q26: A -> C
  Q27: A -> D
  Q28: A -> C
  Q31: A -> B
  Q32: A -> C
  Q33: A -> D
  Q34: A -> B
  Q35: A -> B
  Q36: A -> C
  Q37: A -> D
  Q38: A -> B
  Q39: A -> D
  Q41: A -> D
  Q42: A -> B
  Q43: A -> B
  Q44: A -> C
  Q45: A -> D
  Q47: A -> B
  Q48: A -> D
  Q50: A -> D
  Processed 50 questions

======================================================================
OVERALL STATISTICS - BEFORE
======================================================================

Answer     Count      Percentage      Avg Placement  
--------------------------------------------------
A          1049        83.92%          25.43
B          170         13.60%          26.51
C          28           2.24%          23.18
D          3            0.24%          14.67
--------------------------------------------------
Total      1250      

======================================================================
PER-EXAM STATISTICS - BEFORE
======================================================================

aws/aif-c01:
  Answer   Count    Percentage   Avg Placement  
  ---------------------------------------------
  A        50       100.00%       25.50
  B        0          0.00%        0.00
  C        0          0.00%        0.00
  D        0          0.00%        0.00

aws/clf-c02:
  Answer   Count    Percentage   Avg Placement  
  ---------------------------------------------
  A        50       100.00%       25.50
  B        0          0.00%        0.00
  C        0          0.00%        0.00
  D        0          0.00%        0.00

aws/dea-c01:
  Answer   Count    Percentage   Avg Placement  
  ---------------------------------------------
  A        40        80.00%       28.62
  B        9         18.00%       11.78
  C        1          2.00%       24.00
  D        0          0.00%        0.00

aws/dva-c02:
  Answer   Count    Percentage   Avg Placement  
  ---------------------------------------------
  A        50       100.00%       25.50
  B        0          0.00%        0.00
  C        0          0.00%        0.00
  D        0          0.00%        0.00

aws/mla-c01:
  Answer   Count    Percentage   Avg Placement  
  ---------------------------------------------
  A        50       100.00%       25.50
  B        0          0.00%        0.00
  C        0          0.00%        0.00
  D        0          0.00%        0.00

aws/saa-c03:
  Answer   Count    Percentage   Avg Placement  
  ---------------------------------------------
  A        50       100.00%       25.50
  B        0          0.00%        0.00
  C        0          0.00%        0.00
  D        0          0.00%        0.00

aws/soa-c02:
  Answer   Count    Percentage   Avg Placement  
  ---------------------------------------------
  A        50       100.00%       25.50
  B        0          0.00%        0.00
  C        0          0.00%        0.00
  D        0          0.00%        0.00

azure/ai-900:
  Answer   Count    Percentage   Avg Placement  
  ---------------------------------------------
  A        0          0.00%        0.00
  B        36        72.00%       27.92
  C        13        26.00%       20.15
  D        1          2.00%        8.00

azure/az-104:
  Answer   Count    Percentage   Avg Placement  
  ---------------------------------------------
  A        7         14.00%        8.00
  B        41        82.00%       29.10
  C        2          4.00%       13.00
  D        0          0.00%        0.00

azure/az-204:
  Answer   Count    Percentage   Avg Placement  
  ---------------------------------------------
  A        4          8.00%        2.75
  B        45        90.00%       27.47
  C        1          2.00%       28.00
  D        0          0.00%        0.00

azure/az-305:
  Answer   Count    Percentage   Avg Placement  
  ---------------------------------------------
  A        50       100.00%       25.50
  B        0          0.00%        0.00
  C        0          0.00%        0.00
  D        0          0.00%        0.00

azure/az-400:
  Answer   Count    Percentage   Avg Placement  
  ---------------------------------------------
  A        50       100.00%       25.50
  B        0          0.00%        0.00
  C        0          0.00%        0.00
  D        0          0.00%        0.00

azure/az-500:
  Answer   Count    Percentage   Avg Placement  
  ---------------------------------------------
  A        50       100.00%       25.50
  B        0          0.00%        0.00
  C        0          0.00%        0.00
  D        0          0.00%        0.00

azure/az-900:
  Answer   Count    Percentage   Avg Placement  
  ---------------------------------------------
  A        50       100.00%       25.50
  B        0          0.00%        0.00
  C        0          0.00%        0.00
  D        0          0.00%        0.00

azure/dp-900:
  Answer   Count    Percentage   Avg Placement  
  ---------------------------------------------
  A        0          0.00%        0.00
  B        37        74.00%       25.14
  C        11        22.00%       28.09
  D        2          4.00%       18.00

gcp/gcp-cloud-arch:
  Answer   Count    Percentage   Avg Placement  
  ---------------------------------------------
  A        50       100.00%       25.50
  B        0          0.00%        0.00
  C        0          0.00%        0.00
  D        0          0.00%        0.00

gcp/gcp-cloud-eng:
  Answer   Count    Percentage   Avg Placement  
  ---------------------------------------------
  A        49        98.00%       25.73
  B        1          2.00%       14.00
  C        0          0.00%        0.00
  D        0          0.00%        0.00

gcp/gcp-cloud-fnd:
  Answer   Count    Percentage   Avg Placement  
  ---------------------------------------------
  A        50       100.00%       25.50
  B        0          0.00%        0.00
  C        0          0.00%        0.00
  D        0          0.00%        0.00

gcp/gcp-data-eng-ml:
  Answer   Count    Percentage   Avg Placement  
  ---------------------------------------------
  A        50       100.00%       25.50
  B        0          0.00%        0.00
  C        0          0.00%        0.00
  D        0          0.00%        0.00

gcp/gcp-db-devops:
  Answer   Count    Percentage   Avg Placement  
  ---------------------------------------------
  A        50       100.00%       25.50
  B        0          0.00%        0.00
  C        0          0.00%        0.00
  D        0          0.00%        0.00

gcp/gcp-db-stor:
  Answer   Count    Percentage   Avg Placement  
  ---------------------------------------------
  A        50       100.00%       25.50
  B        0          0.00%        0.00
  C        0          0.00%        0.00
  D        0          0.00%        0.00

gcp/gcp-exam-prep-ace:
  Answer   Count    Percentage   Avg Placement  
  ---------------------------------------------
  A        49        98.00%       25.55
  B        1          2.00%       23.00
  C        0          0.00%        0.00
  D        0          0.00%        0.00

gcp/gcp-fund-core:
  Answer   Count    Percentage   Avg Placement  
  ---------------------------------------------
  A        50       100.00%       25.50
  B        0          0.00%        0.00
  C        0          0.00%        0.00
  D        0          0.00%        0.00

gcp/gcp-gk-compute:
  Answer   Count    Percentage   Avg Placement  
  ---------------------------------------------
  A        50       100.00%       25.50
  B        0          0.00%        0.00
  C        0          0.00%        0.00
  D        0          0.00%        0.00

gcp/gcp-networks:
  Answer   Count    Percentage   Avg Placement  
  ---------------------------------------------
  A        50       100.00%       25.50
  B        0          0.00%        0.00
  C        0          0.00%        0.00
  D        0          0.00%        0.00

======================================================================
OVERALL STATISTICS - AFTER
======================================================================

Answer     Count      Percentage      Avg Placement  
--------------------------------------------------
A          325         26.00%          26.04
B          313         25.04%          25.01
C          308         24.64%          24.88
D          304         24.32%          26.06
--------------------------------------------------
Total      1250      

======================================================================
PER-EXAM STATISTICS - AFTER
======================================================================

aws/aif-c01:
  Answer   Count    Percentage   Avg Placement  
  ---------------------------------------------
  A        17        34.00%       24.94
  B        7         14.00%       26.43
  C        19        38.00%       24.53
  D        7         14.00%       28.57

aws/clf-c02:
  Answer   Count    Percentage   Avg Placement  
  ---------------------------------------------
  A        15        30.00%       25.20
  B        15        30.00%       22.93
  C        10        20.00%       32.80
  D        10        20.00%       22.50

aws/dea-c01:
  Answer   Count    Percentage   Avg Placement  
  ---------------------------------------------
  A        16        32.00%       26.00
  B        14        28.00%       28.07
  C        12        24.00%       23.83
  D        8         16.00%       22.50

aws/dva-c02:
  Answer   Count    Percentage   Avg Placement  
  ---------------------------------------------
  A        12        24.00%       29.92
  B        13        26.00%       23.77
  C        14        28.00%       21.64
  D        11        22.00%       27.64

aws/mla-c01:
  Answer   Count    Percentage   Avg Placement  
  ---------------------------------------------
  A        14        28.00%       24.00
  B        13        26.00%       25.00
  C        11        22.00%       29.73
  D        12        24.00%       23.92

aws/saa-c03:
  Answer   Count    Percentage   Avg Placement  
  ---------------------------------------------
  A        17        34.00%       25.24
  B        12        24.00%       33.00
  C        9         18.00%       20.22
  D        12        24.00%       22.33

aws/soa-c02:
  Answer   Count    Percentage   Avg Placement  
  ---------------------------------------------
  A        21        42.00%       31.00
  B        9         18.00%       25.33
  C        14        28.00%       22.07
  D        6         12.00%       14.50

azure/ai-900:
  Answer   Count    Percentage   Avg Placement  
  ---------------------------------------------
  A        9         18.00%       15.67
  B        15        30.00%       25.53
  C        14        28.00%       25.21
  D        12        24.00%       33.17

azure/az-104:
  Answer   Count    Percentage   Avg Placement  
  ---------------------------------------------
  A        12        24.00%       24.25
  B        14        28.00%       20.07
  C        11        22.00%       25.09
  D        13        26.00%       32.85

azure/az-204:
  Answer   Count    Percentage   Avg Placement  
  ---------------------------------------------
  A        12        24.00%       28.25
  B        15        30.00%       23.27
  C        10        20.00%       26.20
  D        13        26.00%       25.00

azure/az-305:
  Answer   Count    Percentage   Avg Placement  
  ---------------------------------------------
  A        13        26.00%       31.69
  B        12        24.00%       21.67
  C        14        28.00%       25.14
  D        11        22.00%       22.82

azure/az-400:
  Answer   Count    Percentage   Avg Placement  
  ---------------------------------------------
  A        10        20.00%       25.20
  B        14        28.00%       27.29
  C        14        28.00%       20.00
  D        12        24.00%       30.08

azure/az-500:
  Answer   Count    Percentage   Avg Placement  
  ---------------------------------------------
  A        12        24.00%       24.08
  B        11        22.00%       28.18
  C        12        24.00%       28.00
  D        15        30.00%       22.67

azure/az-900:
  Answer   Count    Percentage   Avg Placement  
  ---------------------------------------------
  A        10        20.00%       23.70
  B        15        30.00%       24.60
  C        11        22.00%       27.27
  D        14        28.00%       26.36

azure/dp-900:
  Answer   Count    Percentage   Avg Placement  
  ---------------------------------------------
  A        11        22.00%       24.09
  B        12        24.00%       22.08
  C        16        32.00%       26.62
  D        11        22.00%       29.00

gcp/gcp-cloud-arch:
  Answer   Count    Percentage   Avg Placement  
  ---------------------------------------------
  A        16        32.00%       24.31
  B        10        20.00%       25.10
  C        14        28.00%       24.43
  D        10        20.00%       29.30

gcp/gcp-cloud-eng:
  Answer   Count    Percentage   Avg Placement  
  ---------------------------------------------
  A        12        24.00%       22.17
  B        14        28.00%       21.64
  C        9         18.00%       30.89
  D        15        30.00%       28.53

gcp/gcp-cloud-fnd:
  Answer   Count    Percentage   Avg Placement  
  ---------------------------------------------
  A        11        22.00%       34.73
  B        13        26.00%       29.46
  C        13        26.00%       21.77
  D        13        26.00%       17.46

gcp/gcp-data-eng-ml:
  Answer   Count    Percentage   Avg Placement  
  ---------------------------------------------
  A        13        26.00%       28.00
  B        15        30.00%       21.27
  C        16        32.00%       25.19
  D        6         12.00%       31.50

gcp/gcp-db-devops:
  Answer   Count    Percentage   Avg Placement  
  ---------------------------------------------
  A        10        20.00%       28.60
  B        12        24.00%       26.75
  C        11        22.00%       24.18
  D        17        34.00%       23.65

gcp/gcp-db-stor:
  Answer   Count    Percentage   Avg Placement  
  ---------------------------------------------
  A        7         14.00%       21.00
  B        14        28.00%       28.43
  C        8         16.00%       26.88
  D        21        42.00%       24.52

gcp/gcp-exam-prep-ace:
  Answer   Count    Percentage   Avg Placement  
  ---------------------------------------------
  A        14        28.00%       25.00
  B        11        22.00%       25.82
  C        7         14.00%       26.29
  D        18        36.00%       25.39

gcp/gcp-fund-core:
  Answer   Count    Percentage   Avg Placement  
  ---------------------------------------------
  A        14        28.00%       28.43
  B        12        24.00%       22.17
  C        15        30.00%       22.13
  D        9         18.00%       31.00

gcp/gcp-gk-compute:
  Answer   Count    Percentage   Avg Placement  
  ---------------------------------------------
  A        14        28.00%       25.43
  B        12        24.00%       19.25
  C        9         18.00%       32.78
  D        15        30.00%       26.20

gcp/gcp-networks:
  Answer   Count    Percentage   Avg Placement  
  ---------------------------------------------
  A        13        26.00%       23.62
  B        9         18.00%       32.56
  C        15        30.00%       18.53
  D        13        26.00%       30.54

[OK] All files processed successfully
